<?xml version="1.0" encoding="UTF-8"?>
<!-- Generated by org.testng.reporters.JUnitReportReporter -->
<testsuite skipped="0" hostname="DESKTOP-U3TR6TQ" name="jsonParsingExample.JsonParsingExample" tests="1" failures="0" timestamp="17 May 2023 06:05:37 GMT" time="1.251" errors="0">
  <testcase name="jsonParsing" time="1.251" classname="jsonParsingExample.JsonParsingExample"/>
</testsuite> <!-- jsonParsingExample.JsonParsingExample -->
