<?xml version="1.0" encoding="UTF-8"?>
<!-- Generated by org.testng.reporters.JUnitReportReporter -->
<testsuite skipped="0" hostname="DESKTOP-U3TR6TQ" name="googleMapAPI.AddPlace_payLoadAsJsonFile" tests="1" failures="0" timestamp="16 May 2023 11:26:05 GMT" time="2.700" errors="0">
  <testcase name="addplace" time="2.700" classname="googleMapAPI.AddPlace_payLoadAsJsonFile"/>
</testsuite> <!-- googleMapAPI.AddPlace_payLoadAsJsonFile -->
