<?xml version="1.0" encoding="UTF-8"?>
<!-- Generated by org.testng.reporters.JUnitReportReporter -->
<testsuite skipped="0" hostname="DESKTOP-U3TR6TQ" name="pojoClassesExample.Addplace2_pojoclassForRequestBody" tests="1" failures="0" timestamp="18 May 2023 03:54:05 GMT" time="1.751" errors="0">
  <testcase name="addplace" time="1.751" classname="pojoClassesExample.Addplace2_pojoclassForRequestBody"/>
</testsuite> <!-- pojoClassesExample.Addplace2_pojoclassForRequestBody -->
