<?xml version="1.0" encoding="UTF-8"?>
<!-- Generated by org.testng.reporters.JUnitReportReporter -->
<testsuite skipped="0" hostname="DESKTOP-U3TR6TQ" name="testngConcepts.HardAssertExample" tests="1" failures="0" timestamp="16 May 2023 09:38:42 GMT" time="0.010" errors="0">
  <testcase name="testCase1" time="0.010" classname="testngConcepts.HardAssertExample"/>
</testsuite> <!-- testngConcepts.HardAssertExample -->
