<?xml version="1.0" encoding="UTF-8"?>
<!-- Generated by org.testng.reporters.JUnitReportReporter -->
<testsuite skipped="0" hostname="DESKTOP-U3TR6TQ" name="googleMapAPI.AddPlace" tests="1" failures="0" timestamp="16 May 2023 11:14:43 GMT" time="1.762" errors="0">
  <testcase name="addplace" time="1.762" classname="googleMapAPI.AddPlace"/>
</testsuite> <!-- googleMapAPI.AddPlace -->
