<?xml version="1.0" encoding="UTF-8"?>
<!-- Generated by org.testng.reporters.JUnitReportReporter -->
<testsuite skipped="0" hostname="DESKTOP-U3TR6TQ" name="testRunner.TestRunner" tests="5" failures="0" timestamp="18 May 2023 07:20:08 GMT" time="0.084" errors="0">
  <testcase name="runScenario" time="0.002" classname="testRunner.TestRunner"/>
  <testcase name="runScenario" time="0.003" classname="testRunner.TestRunner"/>
  <testcase name="runScenario" time="0.001" classname="testRunner.TestRunner"/>
  <testcase name="runScenario" time="0.076" classname="testRunner.TestRunner"/>
  <testcase name="runScenario" time="0.002" classname="testRunner.TestRunner"/>
</testsuite> <!-- testRunner.TestRunner -->
